# JRE version: Java(TM) SE Runtime Environment (8.0_181-b13) (build 1.8.0_181-b13)
# Java VM: Java HotSpot(TM) 64-Bit Server VM (25.181-b13 mixed mode windows-amd64 compressed oops)
Heap:
 PSYoungGen      total 227840K, used 112271K [0x00000000eb600000, 0x00000000fb780000, 0x0000000100000000)
  eden space 203264K, 47% used [0x00000000eb600000,0x00000000f1442438,0x00000000f7c80000)
  from space 24576K, 64% used [0x00000000f9f80000,0x00000000faee18a8,0x00000000fb780000)
  to   space 30208K, 0% used [0x00000000f7c80000,0x00000000f7c80000,0x00000000f9a00000)
 ParOldGen       total 103424K, used 68393K [0x00000000c2200000, 0x00000000c8700000, 0x00000000eb600000)
  object space 103424K, 66% used [0x00000000c2200000,0x00000000c64ca570,0x00000000c8700000)
 Metaspace       used 59061K, capacity 61156K, committed 61232K, reserved 1103872K
  class space    used 7085K, capacity 7685K, committed 7728K, reserved 1048576K
GC Heap History (10 events):
Event: 12.706 GC heap before
{Heap before GC invocations=13 (full 2):
 PSYoungGen      total 151040K, used 151024K [0x00000000eb600000, 0x00000000f7a00000, 0x0000000100000000)
  eden space 135168K, 100% used [0x00000000eb600000,0x00000000f3a00000,0x00000000f3a00000)
  from space 15872K, 99% used [0x00000000f4f80000,0x00000000f5efc320,0x00000000f5f00000)
  to   space 22016K, 0% used [0x00000000f3a00000,0x00000000f3a00000,0x00000000f4f80000)
 ParOldGen       total 69120K, used 41127K [0x00000000c2200000, 0x00000000c6580000, 0x00000000eb600000)
  object space 69120K, 59% used [0x00000000c2200000,0x00000000c4a29d18,0x00000000c6580000)
 Metaspace       used 49553K, capacity 51250K, committed 51504K, reserved 1093632K
  class space    used 6049K, capacity 6631K, committed 6704K, reserved 1048576K
Event: 12.730 GC heap after
Heap after GC invocations=13 (full 2):
 PSYoungGen      total 157184K, used 16685K [0x00000000eb600000, 0x00000000f9600000, 0x0000000100000000)
  eden space 135168K, 0% used [0x00000000eb600000,0x00000000eb600000,0x00000000f3a00000)
  from space 22016K, 75% used [0x00000000f3a00000,0x00000000f4a4b760,0x00000000f4f80000)
  to   space 24064K, 0% used [0x00000000f7e80000,0x00000000f7e80000,0x00000000f9600000)
 ParOldGen       total 69120K, used 56974K [0x00000000c2200000, 0x00000000c6580000, 0x00000000eb600000)
  object space 69120K, 82% used [0x00000000c2200000,0x00000000c59a3810,0x00000000c6580000)
 Metaspace       used 49553K, capacity 51250K, committed 51504K, reserved 1093632K
  class space    used 6049K, capacity 6631K, committed 6704K, reserved 1048576K
}
Event: 12.730 GC heap before
{Heap before GC invocations=14 (full 3):
 PSYoungGen      total 157184K, used 16685K [0x00000000eb600000, 0x00000000f9600000, 0x0000000100000000)
  eden space 135168K, 0% used [0x00000000eb600000,0x00000000eb600000,0x00000000f3a00000)
  from space 22016K, 75% used [0x00000000f3a00000,0x00000000f4a4b760,0x00000000f4f80000)
  to   space 24064K, 0% used [0x00000000f7e80000,0x00000000f7e80000,0x00000000f9600000)
 ParOldGen       total 69120K, used 56974K [0x00000000c2200000, 0x00000000c6580000, 0x00000000eb600000)
  object space 69120K, 82% used [0x00000000c2200000,0x00000000c59a3810,0x00000000c6580000)
 Metaspace       used 49553K, capacity 51250K, committed 51504K, reserved 1093632K
  class space    used 6049K, capacity 6631K, committed 6704K, reserved 1048576K
Event: 12.888 GC heap after
Heap after GC invocations=14 (full 3):
 PSYoungGen      total 157184K, used 0K [0x00000000eb600000, 0x00000000f9600000, 0x0000000100000000)
  eden space 135168K, 0% used [0x00000000eb600000,0x00000000eb600000,0x00000000f3a00000)
  from space 22016K, 0% used [0x00000000f3a00000,0x00000000f3a00000,0x00000000f4f80000)
  to   space 24064K, 0% used [0x00000000f7e80000,0x00000000f7e80000,0x00000000f9600000)
 ParOldGen       total 103424K, used 50381K [0x00000000c2200000, 0x00000000c8700000, 0x00000000eb600000)
  object space 103424K, 48% used [0x00000000c2200000,0x00000000c5333560,0x00000000c8700000)
 Metaspace       used 49553K, capacity 51250K, committed 51504K, reserved 1093632K
  class space    used 6049K, capacity 6631K, committed 6704K, reserved 1048576K
}
Event: 32.800 GC heap before
{Heap before GC invocations=15 (full 3):
 PSYoungGen      total 157184K, used 135168K [0x00000000eb600000, 0x00000000f9600000, 0x0000000100000000)
  eden space 135168K, 100% used [0x00000000eb600000,0x00000000f3a00000,0x00000000f3a00000)
  from space 22016K, 0% used [0x00000000f3a00000,0x00000000f3a00000,0x00000000f4f80000)
  to   space 24064K, 0% used [0x00000000f7e80000,0x00000000f7e80000,0x00000000f9600000)
 ParOldGen       total 103424K, used 50381K [0x00000000c2200000, 0x00000000c8700000, 0x00000000eb600000)
  object space 103424K, 48% used [0x00000000c2200000,0x00000000c5333560,0x00000000c8700000)
 Metaspace       used 56426K, capacity 58434K, committed 58672K, reserved 1099776K
  class space    used 7020K, capacity 7604K, committed 7728K, reserved 1048576K
Event: 32.817 GC heap after
Heap after GC invocations=15 (full 3):
 PSYoungGen      total 184832K, used 14620K [0x00000000eb600000, 0x00000000f8d00000, 0x0000000100000000)
  eden space 169984K, 0% used [0x00000000eb600000,0x00000000eb600000,0x00000000f5c00000)
  from space 14848K, 98% used [0x00000000f7e80000,0x00000000f8cc7228,0x00000000f8d00000)
  to   space 24576K, 0% used [0x00000000f5d00000,0x00000000f5d00000,0x00000000f7500000)
 ParOldGen       total 103424K, used 50389K [0x00000000c2200000, 0x00000000c8700000, 0x00000000eb600000)
  object space 103424K, 48% used [0x00000000c2200000,0x00000000c5335560,0x00000000c8700000)
 Metaspace       used 56426K, capacity 58434K, committed 58672K, reserved 1099776K
  class space    used 7020K, capacity 7604K, committed 7728K, reserved 1048576K
}
Event: 36.300 GC heap before
{Heap before GC invocations=16 (full 3):
 PSYoungGen      total 184832K, used 184604K [0x00000000eb600000, 0x00000000f8d00000, 0x0000000100000000)
  eden space 169984K, 100% used [0x00000000eb600000,0x00000000f5c00000,0x00000000f5c00000)
  from space 14848K, 98% used [0x00000000f7e80000,0x00000000f8cc7228,0x00000000f8d00000)
  to   space 24576K, 0% used [0x00000000f5d00000,0x00000000f5d00000,0x00000000f7500000)
 ParOldGen       total 103424K, used 50389K [0x00000000c2200000, 0x00000000c8700000, 0x00000000eb600000)
  object space 103424K, 48% used [0x00000000c2200000,0x00000000c5335560,0x00000000c8700000)
 Metaspace       used 57597K, capacity 59686K, committed 59952K, reserved 1101824K
  class space    used 7041K, capacity 7648K, committed 7728K, reserved 1048576K
Event: 36.320 GC heap after
Heap after GC invocations=16 (full 3):
 PSYoungGen      total 195584K, used 24574K [0x00000000eb600000, 0x00000000fbd80000, 0x0000000100000000)
  eden space 171008K, 0% used [0x00000000eb600000,0x00000000eb600000,0x00000000f5d00000)
  from space 24576K, 99% used [0x00000000f5d00000,0x00000000f74ff9a8,0x00000000f7500000)
  to   space 30720K, 0% used [0x00000000f9f80000,0x00000000f9f80000,0x00000000fbd80000)
 ParOldGen       total 103424K, used 56367K [0x00000000c2200000, 0x00000000c8700000, 0x00000000eb600000)
  object space 103424K, 54% used [0x00000000c2200000,0x00000000c590bde0,0x00000000c8700000)
 Metaspace       used 57597K, capacity 59686K, committed 59952K, reserved 1101824K
  class space    used 7041K, capacity 7648K, committed 7728K, reserved 1048576K
}
Event: 445.208 GC heap before
{Heap before GC invocations=17 (full 3):
 PSYoungGen      total 195584K, used 195582K [0x00000000eb600000, 0x00000000fbd80000, 0x0000000100000000)
  eden space 171008K, 100% used [0x00000000eb600000,0x00000000f5d00000,0x00000000f5d00000)
  from space 24576K, 99% used [0x00000000f5d00000,0x00000000f74ff9a8,0x00000000f7500000)
  to   space 30720K, 0% used [0x00000000f9f80000,0x00000000f9f80000,0x00000000fbd80000)
 ParOldGen       total 103424K, used 56367K [0x00000000c2200000, 0x00000000c8700000, 0x00000000eb600000)
  object space 103424K, 54% used [0x00000000c2200000,0x00000000c590bde0,0x00000000c8700000)
 Metaspace       used 58622K, capacity 60772K, committed 60976K, reserved 1101824K
  class space    used 7083K, capacity 7685K, committed 7728K, reserved 1048576K
Event: 445.234 GC heap after
Heap after GC invocations=17 (full 3):
 PSYoungGen      total 227840K, used 15750K [0x00000000eb600000, 0x00000000fb780000, 0x0000000100000000)
  eden space 203264K, 0% used [0x00000000eb600000,0x00000000eb600000,0x00000000f7c80000)
  from space 24576K, 64% used [0x00000000f9f80000,0x00000000faee18a8,0x00000000fb780000)
  to   space 30208K, 0% used [0x00000000f7c80000,0x00000000f7c80000,0x00000000f9a00000)
 ParOldGen       total 103424K, used 68393K [0x00000000c2200000, 0x00000000c8700000, 0x00000000eb600000)
  object space 103424K, 66% used [0x00000000c2200000,0x00000000c64ca570,0x00000000c8700000)
 Metaspace       used 58622K, capacity 60772K, committed 60976K, reserved 1101824K
  class space    used 7083K, capacity 7685K, committed 7728K, reserved 1048576K
}

